l:\college work\semester-2\z- code maybe useful\horse betting game - trial\horse betting game - trial\x64\debug\vc143.pdb
l:\college work\semester-2\z- code maybe useful\horse betting game - trial\horse betting game - trial\x64\debug\vc143.idb
l:\college work\semester-2\z- code maybe useful\horse betting game - trial\horse betting game - trial\x64\debug\main.obj
l:\college work\semester-2\team based software\group project\code\horse betting game - trial\horse betting game - trial\x64\debug\vc143.pdb
l:\college work\semester-2\team based software\group project\code\horse betting game - trial\horse betting game - trial\x64\debug\vc143.idb
l:\college work\semester-2\team based software\group project\code\horse betting game - trial\horse betting game - trial\x64\debug\functions.obj
l:\college work\semester-2\team based software\group project\code\horse betting game - trial\horse betting game - trial\x64\debug\art.obj
l:\college work\semester-2\team based software\group project\code\horse betting game - trial\horse betting game - trial\x64\debug\main.obj
l:\college work\semester-2\z- code maybe useful\horse betting game - trial\x64\debug\horse betting game - trial.exe
l:\college work\semester-2\z- code maybe useful\horse betting game - trial\horse betting game - trial\x64\debug\horse betting game - trial.ilk
l:\college work\semester-2\z- code maybe useful\horse betting game - trial\x64\debug\horse betting game - trial.pdb
l:\college work\semester-2\team based software\group project\code\horse betting game - trial\x64\debug\horse betting game - trial.exe
l:\college work\semester-2\team based software\group project\code\horse betting game - trial\horse betting game - trial\x64\debug\horse betting game - trial.ilk
l:\college work\semester-2\team based software\group project\code\horse betting game - trial\x64\debug\horse betting game - trial.pdb
l:\college work\semester-2\team based software\group project\code\horse betting game - trial\horse betting game - trial\x64\debug\horse be.0c936567.tlog\cl.command.1.tlog
l:\college work\semester-2\team based software\group project\code\horse betting game - trial\horse betting game - trial\x64\debug\horse be.0c936567.tlog\cl.read.1.tlog
l:\college work\semester-2\team based software\group project\code\horse betting game - trial\horse betting game - trial\x64\debug\horse be.0c936567.tlog\cl.write.1.tlog
l:\college work\semester-2\team based software\group project\code\horse betting game - trial\horse betting game - trial\x64\debug\horse be.0c936567.tlog\link.command.1.tlog
l:\college work\semester-2\team based software\group project\code\horse betting game - trial\horse betting game - trial\x64\debug\horse be.0c936567.tlog\link.read.1.tlog
l:\college work\semester-2\team based software\group project\code\horse betting game - trial\horse betting game - trial\x64\debug\horse be.0c936567.tlog\link.write.1.tlog
